<?xml version="1.0" encoding="UTF-8"?>
<!-- Generated by org.testng.reporters.JUnitXMLReporter -->
<testsuite ignored="0" hostname="LAPTOP-MA8N465V" failures="0" tests="3" name="Default test" time="18.18" errors="0" timestamp="2023-12-08T14:19:15 AST">
  <testcase classname="TestCases.ThirdQ" name="ChooseTheCity" time="0.538"/>
  <testcase classname="TestCases.ThirdQ" name="ChoosingTheNumbers" time="4.747"/>
  <testcase classname="TestCases.ThirdQ" name="Sorting" time="10.683"/>
</testsuite> <!-- Default test -->
