<?xml version="1.0" encoding="UTF-8"?>
<testng-results ignored="0" total="3" passed="3" failed="0" skipped="0">
  <reporter-output>
  </reporter-output>
  <suite started-at="2023-12-08T14:18:57 AST" name="Default suite" finished-at="2023-12-08T14:19:15 AST" duration-ms="18180">
    <groups>
    </groups>
    <test started-at="2023-12-08T14:18:57 AST" name="Default test" finished-at="2023-12-08T14:19:15 AST" duration-ms="18180">
      <class name="TestCases.ThirdQ">
        <test-method is-config="true" signature="SetUp()[pri:0, instance:TestCases.ThirdQ@24d4d7c9]" started-at="2023-12-08T14:18:57 AST" name="SetUp" finished-at="2023-12-08T14:18:59 AST" duration-ms="2174" status="PASS">
          <reporter-output>
          </reporter-output>
        </test-method> <!-- SetUp -->
        <test-method signature="ChooseTheCity()[pri:0, instance:TestCases.ThirdQ@24d4d7c9]" started-at="2023-12-08T14:18:59 AST" name="ChooseTheCity" finished-at="2023-12-08T14:19:00 AST" duration-ms="538" status="PASS">
          <reporter-output>
          </reporter-output>
        </test-method> <!-- ChooseTheCity -->
        <test-method signature="ChoosingTheNumbers()[pri:0, instance:TestCases.ThirdQ@24d4d7c9]" started-at="2023-12-08T14:19:00 AST" name="ChoosingTheNumbers" finished-at="2023-12-08T14:19:04 AST" duration-ms="4747" status="PASS">
          <reporter-output>
          </reporter-output>
        </test-method> <!-- ChoosingTheNumbers -->
        <test-method signature="Sorting()[pri:0, instance:TestCases.ThirdQ@24d4d7c9]" started-at="2023-12-08T14:19:04 AST" name="Sorting" finished-at="2023-12-08T14:19:15 AST" duration-ms="10683" status="PASS">
          <reporter-output>
          </reporter-output>
        </test-method> <!-- Sorting -->
        <test-method is-config="true" signature="Final()[pri:0, instance:TestCases.ThirdQ@24d4d7c9]" started-at="2023-12-08T14:19:15 AST" name="Final" finished-at="2023-12-08T14:19:15 AST" duration-ms="1" status="PASS">
          <reporter-output>
          </reporter-output>
        </test-method> <!-- Final -->
      </class> <!-- TestCases.ThirdQ -->
    </test> <!-- Default test -->
  </suite> <!-- Default suite -->
</testng-results>
